Microsoft (R) Macro Assembler Version 14.12.25834.0	    01/27/18 01:58:28
#Program Template     (template.asm			     Page 1 - 1


				TITLE Program Template     (template.asm)

				; Author:			   Harshvardhan Singh
				; Course / Project ID: CS 271                 Date: 1/26/2018
				; Description: Program 2

				INCLUDE Irvine32.inc
			      C ; Include file for Irvine32.lib             (Irvine32.inc)
			      C 
			      C ;OPTION CASEMAP:NONE		; optional: make identifiers case-sensitive
			      C 
			      C INCLUDE SmallWin.inc		; MS-Windows prototypes, structures, and constants
			      C .NOLIST
			      C .LIST
			      C 
			      C INCLUDE VirtualKeys.inc
			      C ; VirtualKeys.inc
			      C .NOLIST
			      C .LIST
			      C 
			      C 
			      C .NOLIST
			      C .LIST
			      C 

				; (insert constant definitions here)

 00000000			.data

 00000000 09 09 09 50 72	program_name		BYTE	"			Program to calculate Fibonacci numbers",0
	   6F 67 72 61 6D
	   20 74 6F 20 63
	   61 6C 63 75 6C
	   61 74 65 20 46
	   69 62 6F 6E 61
	   63 63 69 20 6E
	   75 6D 62 65 72
	   73 00
				title				BYTE	"Student",0
 0000002A 50 72 6F 67 72	my_name				BYTE	"Programmed by Harshvardhan Singh",0
	   61 6D 6D 65 64
	   20 62 79 20 48
	   61 72 73 68 76
	   61 72 64 68 61
	   6E 20 53 69 6E
	   67 68 00
 0000004B 57 68 61 74 27	question			BYTE	"What's your name? "
	   73 20 79 6F 75
	   72 20 6E 61 6D
	   65 3F 20
 0000005D  00000015 [		user_name			BYTE	21 DUP(?)
	    00
	   ]
 00000072 45 6E 74 65 72	sentence1			BYTE	"Enter the number of Fibonacci terms to be displayed ",0
	   20 74 68 65 20
	   6E 75 6D 62 65
	   72 20 6F 66 20
	   46 69 62 6F 6E
	   61 63 63 69 20
	   74 65 72 6D 73
	   20 74 6F 20 62
	   65 20 64 69 73
	   70 6C 61 79 65
	   64 20 00
 000000A7 47 69 76 65 20	sentence2			BYTE	"Give the number as na integer in the range [1 .. 46]. ",0
	   74 68 65 20 6E
	   75 6D 62 65 72
	   20 61 73 20 6E
	   61 20 69 6E 74
	   65 67 65 72 20
	   69 6E 20 74 68
	   65 20 72 61 6E
	   67 65 20 5B 31
	   20 2E 2E 20 34
	   36 5D 2E 20 00
 000000DE 48 6F 77 20 6D	sentence3			BYTE	"How many terms do you want? ",0
	   61 6E 79 20 74
	   65 72 6D 73 20
	   64 6F 20 79 6F
	   75 20 77 61 6E
	   74 3F 20 00
 000000FB 4F 75 74 20 6F	error				BYTE	"Out of range. Enter a number in [1 .. 46] ",0
	   66 20 72 61 6E
	   67 65 2E 20 45
	   6E 74 65 72 20
	   61 20 6E 75 6D
	   62 65 72 20 69
	   6E 20 5B 31 20
	   2E 2E 20 34 36
	   5D 20 00
 00000126 52 65 73 75 6C	Final_message		BYTE	"Results certified by Leonardo Pisano.",0
	   74 73 20 63 65
	   72 74 69 66 69
	   65 64 20 62 79
	   20 4C 65 6F 6E
	   61 72 64 6F 20
	   50 69 73 61 6E
	   6F 2E 00
 0000014C 00000000		previous			DWORD	?
 00000150 00000000		current				DWORD	?
 00000154 00000000		input				DWORD	?
 00000158 00000000		counter				DWORD	?
 0000015C 20 20 20 20 20	spaces				BYTE	"     ",0
	   00
 00000162 4C 69 76 65 20	bye					BYTE	"Live Long and Prosper ",0
	   4C 6F 6E 67 20
	   61 6E 64 20 50
	   72 6F 73 70 65
	   72 20 00


				; (insert variable definitions here)

 00000000			.code
 00000000			main PROC

 00000000  BA 00000000 R		mov edx, OFFSET program_name
 00000005  E8 00000000 E		call WriteString
 0000000A  E8 00000000 E		call crlf
 0000000F  BA 0000002A R		mov edx, OFFSET my_name
 00000014  E8 00000000 E		call WriteString
 00000019  E8 00000000 E		call crlf
 0000001E  BA 0000004B R		mov edx, OFFSET question
 00000023  E8 00000000 E		CALL WriteString
 00000028  BA 0000005D R		mov edx, OFFSET user_name
 0000002D  B9 00000020			mov ecx,32
 00000032  E8 00000000 E		CALL ReadString						; Takes in the string name
 00000037  BA 00000072 R		mov edx, OFFSET sentence1
 0000003C  E8 00000000 E		call WriteString
 00000041  E8 00000000 E		call crlf
 00000046  BA 000000A7 R		mov edx, OFFSET sentence2
 0000004B  E8 00000000 E		CALL WriteString
 00000050  E8 00000000 E		CALL readInt                        ; Takes in input
 00000055  83 F8 2E			cmp eax,46
 00000058  7F 7F			jg _incorrect
 0000005A  A3 00000154 R		mov input,eax
 0000005F				back:
 0000005F  8B 0D 00000154 R			mov ecx,input
 00000065  C7 05 00000158 R			mov counter,0
	   00000000
 0000006F  C7 05 0000014C R			mov previous,1			;Holds the previous value
	   00000001
 00000079  B8 00000000				mov eax,0				;Holds the final value

 0000007E				L1:
 0000007E  8B D8				mov ebx,eax			; holds the previous value to be added in the next step
 00000080  03 05 0000014C R			add eax,previous	; eax has the new value
 00000086  89 1D 0000014C R			mov previous,ebx	; holds the previous value
 0000008C  A3 00000150 R			mov current,eax		; holds the new value
 00000091  E8 00000000 E			CALL WriteDec
 00000096  E8 00000032				call _spaces
 0000009B					_placeholder:
 0000009B  FF 05 00000158 R				inc counter
 000000A1  BA 00000000				mov edx, 0
 000000A6  A1 00000158 R			mov eax,counter		; Preparing for division
 000000AB  BB 00000005				mov ebx,5
 000000B0  F7 F3				div ebx
 000000B2  83 FA 00				cmp edx,0
 000000B5  74 0F				je _newLine
 000000B7					iL1:
 000000B7  A1 00000150 R				mov eax,current
 000000BC  8B 1D 0000014C R				mov ebx,previous
 000000C2  E2 BA				loop L1
 000000C4  EB 4F				jmp _end

 000000C6				_newLine:
 000000C6  E8 00000000 E			call crlf
 000000CB  EB EA				jmp iL1

 000000CD				_spaces:
 000000CD  BA 0000015C R			mov edx, OFFSET spaces
 000000D2  E8 00000000 E			CALL WriteString
 000000D7  EB C2				jmp _placeholder

 000000D9				_incorrect:
 000000D9  BA 000000FB R			mov edx, OFFSET error
 000000DE  E8 00000000 E			CALL WriteString
 000000E3  E8 00000000 E			call crlf
 000000E8  BA 000000A7 R			mov edx,OFFSET sentence2
 000000ED  E8 00000000 E			CALL WriteString
 000000F2  BA 000000DE R			mov edx, OFFSET sentence3
 000000F7  E8 00000000 E			call crlf
 000000FC  E8 00000000 E			CALL WriteString
 00000101  E8 00000000 E			call ReadInt
 00000106  83 F8 2E				cmp eax,46
 00000109  7F CE				jg _incorrect
 0000010B  A3 00000154 R			mov input,eax
 00000110  E9 FFFFFF4A				jmp back


																		;PG 202 ReadString for taking in input
 00000115				_end:
 00000115  BA 00000126 R			mov edx, OFFSET Final_message
 0000011A  E8 00000000 E			CALL WriteString
 0000011F  E8 00000000 E			CALL crlf
 00000124  BA 00000162 R			mov edx, OFFSET bye
 00000129  E8 00000000 E			CALL WriteString
 0000012E  BA 0000005D R			mov edx, OFFSET user_name
 00000133  E8 00000000 E			CALL WriteString

					exit	; exit to operating system
 00000138  6A 00	   *	    push   +000000000h
 0000013A  E8 00000000 E   *	    call   ExitProcess
 0000013F			main ENDP

				; (insert additional procedures here)

				END main
Microsoft (R) Macro Assembler Version 14.12.25834.0	    01/27/18 01:58:28
#Program Template     (template.asm			     Symbols 2 - 1




Structures and Unions:

                N a m e                  Size
                                         Offset      Type

CONSOLE_CURSOR_INFO  . . . . . .	 00000008
  dwSize . . . . . . . . . . . .	 00000000	 DWord
  bVisible . . . . . . . . . . .	 00000004	 DWord
CONSOLE_SCREEN_BUFFER_INFO . . .	 00000016
  dwSize . . . . . . . . . . . .	 00000000	 DWord
  dwCursorPosition . . . . . . .	 00000004	 DWord
  wAttributes  . . . . . . . . .	 00000008	 Word
  srWindow . . . . . . . . . . .	 0000000A	 QWord
  dwMaximumWindowSize  . . . . .	 00000012	 DWord
COORD  . . . . . . . . . . . . .	 00000004
  X  . . . . . . . . . . . . . .	 00000000	 Word
  Y  . . . . . . . . . . . . . .	 00000002	 Word
FILETIME . . . . . . . . . . . .	 00000008
  loDateTime . . . . . . . . . .	 00000000	 DWord
  hiDateTime . . . . . . . . . .	 00000004	 DWord
FOCUS_EVENT_RECORD . . . . . . .	 00000004
  bSetFocus  . . . . . . . . . .	 00000000	 DWord
FPU_ENVIRON  . . . . . . . . . .	 0000001C
  controlWord  . . . . . . . . .	 00000000	 Word
  statusWord . . . . . . . . . .	 00000004	 Word
  tagWord  . . . . . . . . . . .	 00000008	 Word
  instrPointerOffset . . . . . .	 0000000C	 DWord
  instrPointerSelector . . . . .	 00000010	 DWord
  operandPointerOffset . . . . .	 00000014	 DWord
  operandPointerSelector . . . .	 00000018	 Word
INPUT_RECORD . . . . . . . . . .	 00000014
  EventType  . . . . . . . . . .	 00000000	 Word
  Event  . . . . . . . . . . . .	 00000004	 XmmWord
  bKeyDown . . . . . . . . . . .	 00000000	 DWord
  wRepeatCount . . . . . . . . .	 00000004	 Word
  wVirtualKeyCode  . . . . . . .	 00000006	 Word
  wVirtualScanCode . . . . . . .	 00000008	 Word
  uChar  . . . . . . . . . . . .	 0000000A	 Word
  UnicodeChar  . . . . . . . . .	 00000000	 Word
  AsciiChar  . . . . . . . . . .	 00000000	 Byte
  dwControlKeyState  . . . . . .	 0000000C	 DWord
  dwMousePosition  . . . . . . .	 00000000	 DWord
  dwButtonState  . . . . . . . .	 00000004	 DWord
  dwMouseControlKeyState . . . .	 00000008	 DWord
  dwEventFlags . . . . . . . . .	 0000000C	 DWord
  dwSize . . . . . . . . . . . .	 00000000	 DWord
  dwCommandId  . . . . . . . . .	 00000000	 DWord
  bSetFocus  . . . . . . . . . .	 00000000	 DWord
KEY_EVENT_RECORD . . . . . . . .	 00000010
  bKeyDown . . . . . . . . . . .	 00000000	 DWord
  wRepeatCount . . . . . . . . .	 00000004	 Word
  wVirtualKeyCode  . . . . . . .	 00000006	 Word
  wVirtualScanCode . . . . . . .	 00000008	 Word
  uChar  . . . . . . . . . . . .	 0000000A	 Word
  UnicodeChar  . . . . . . . . .	 00000000	 Word
  AsciiChar  . . . . . . . . . .	 00000000	 Byte
  dwControlKeyState  . . . . . .	 0000000C	 DWord
MENU_EVENT_RECORD  . . . . . . .	 00000004
  dwCommandId  . . . . . . . . .	 00000000	 DWord
MOUSE_EVENT_RECORD . . . . . . .	 00000010
  dwMousePosition  . . . . . . .	 00000000	 DWord
  dwButtonState  . . . . . . . .	 00000004	 DWord
  dwMouseControlKeyState . . . .	 00000008	 DWord
  dwEventFlags . . . . . . . . .	 0000000C	 DWord
SMALL_RECT . . . . . . . . . . .	 00000008
  Left . . . . . . . . . . . . .	 00000000	 Word
  Top  . . . . . . . . . . . . .	 00000002	 Word
  Right  . . . . . . . . . . . .	 00000004	 Word
  Bottom . . . . . . . . . . . .	 00000006	 Word
SYSTEMTIME . . . . . . . . . . .	 00000010
  wYear  . . . . . . . . . . . .	 00000000	 Word
  wMonth . . . . . . . . . . . .	 00000002	 Word
  wDayOfWeek . . . . . . . . . .	 00000004	 Word
  wDay . . . . . . . . . . . . .	 00000006	 Word
  wHour  . . . . . . . . . . . .	 00000008	 Word
  wMinute  . . . . . . . . . . .	 0000000A	 Word
  wSecond  . . . . . . . . . . .	 0000000C	 Word
  wMilliseconds  . . . . . . . .	 0000000E	 Word
WINDOW_BUFFER_SIZE_RECORD  . . .	 00000004
  dwSize . . . . . . . . . . . .	 00000000	 DWord


Segments and Groups:

                N a m e                 Size     Length   Align   Combine Class

FLAT . . . . . . . . . . . . . .	GROUP
STACK  . . . . . . . . . . . . .	32 Bit	 00001000 Para	  Stack	  'STACK'	 
_DATA  . . . . . . . . . . . . .	32 Bit	 00000179 Para	  Public  'DATA'	
_TEXT  . . . . . . . . . . . . .	32 Bit	 0000013F Para	  Public  'CODE'	


Procedures, parameters, and locals:

                N a m e                 Type     Value    Attr

CloseFile  . . . . . . . . . . .	P Near	 00000000 FLAT	Length= 00000000 External STDCALL
CloseHandle  . . . . . . . . . .	P Near	 00000000 FLAT	Length= 00000000 External STDCALL
Clrscr . . . . . . . . . . . . .	P Near	 00000000 FLAT	Length= 00000000 External STDCALL
CreateFileA  . . . . . . . . . .	P Near	 00000000 FLAT	Length= 00000000 External STDCALL
CreateOutputFile . . . . . . . .	P Near	 00000000 FLAT	Length= 00000000 External STDCALL
Crlf . . . . . . . . . . . . . .	P Near	 00000000 FLAT	Length= 00000000 External STDCALL
Delay  . . . . . . . . . . . . .	P Near	 00000000 FLAT	Length= 00000000 External STDCALL
DumpMem  . . . . . . . . . . . .	P Near	 00000000 FLAT	Length= 00000000 External STDCALL
DumpRegs . . . . . . . . . . . .	P Near	 00000000 FLAT	Length= 00000000 External STDCALL
ExitProcess  . . . . . . . . . .	P Near	 00000000 FLAT	Length= 00000000 External STDCALL
FileTimeToDosDateTime  . . . . .	P Near	 00000000 FLAT	Length= 00000000 External STDCALL
FileTimeToSystemTime . . . . . .	P Near	 00000000 FLAT	Length= 00000000 External STDCALL
FlushConsoleInputBuffer  . . . .	P Near	 00000000 FLAT	Length= 00000000 External STDCALL
FormatMessageA . . . . . . . . .	P Near	 00000000 FLAT	Length= 00000000 External STDCALL
GetCommandLineA  . . . . . . . .	P Near	 00000000 FLAT	Length= 00000000 External STDCALL
GetCommandTail . . . . . . . . .	P Near	 00000000 FLAT	Length= 00000000 External STDCALL
GetConsoleCP . . . . . . . . . .	P Near	 00000000 FLAT	Length= 00000000 External STDCALL
GetConsoleCursorInfo . . . . . .	P Near	 00000000 FLAT	Length= 00000000 External STDCALL
GetConsoleMode . . . . . . . . .	P Near	 00000000 FLAT	Length= 00000000 External STDCALL
GetConsoleScreenBufferInfo . . .	P Near	 00000000 FLAT	Length= 00000000 External STDCALL
GetDateTime  . . . . . . . . . .	P Near	 00000000 FLAT	Length= 00000000 External STDCALL
GetFileTime  . . . . . . . . . .	P Near	 00000000 FLAT	Length= 00000000 External STDCALL
GetKeyState  . . . . . . . . . .	P Near	 00000000 FLAT	Length= 00000000 External STDCALL
GetLastError . . . . . . . . . .	P Near	 00000000 FLAT	Length= 00000000 External STDCALL
GetLocalTime . . . . . . . . . .	P Near	 00000000 FLAT	Length= 00000000 External STDCALL
GetMaxXY . . . . . . . . . . . .	P Near	 00000000 FLAT	Length= 00000000 External STDCALL
GetMseconds  . . . . . . . . . .	P Near	 00000000 FLAT	Length= 00000000 External STDCALL
GetNumberOfConsoleInputEvents  .	P Near	 00000000 FLAT	Length= 00000000 External STDCALL
GetProcessHeap . . . . . . . . .	P Near	 00000000 FLAT	Length= 00000000 External STDCALL
GetStdHandle . . . . . . . . . .	P Near	 00000000 FLAT	Length= 00000000 External STDCALL
GetSystemTime  . . . . . . . . .	P Near	 00000000 FLAT	Length= 00000000 External STDCALL
GetTextColor . . . . . . . . . .	P Near	 00000000 FLAT	Length= 00000000 External STDCALL
GetTickCount . . . . . . . . . .	P Near	 00000000 FLAT	Length= 00000000 External STDCALL
Gotoxy . . . . . . . . . . . . .	P Near	 00000000 FLAT	Length= 00000000 External STDCALL
HeapAlloc  . . . . . . . . . . .	P Near	 00000000 FLAT	Length= 00000000 External STDCALL
HeapCreate . . . . . . . . . . .	P Near	 00000000 FLAT	Length= 00000000 External STDCALL
HeapDestroy  . . . . . . . . . .	P Near	 00000000 FLAT	Length= 00000000 External STDCALL
HeapFree . . . . . . . . . . . .	P Near	 00000000 FLAT	Length= 00000000 External STDCALL
HeapSize . . . . . . . . . . . .	P Near	 00000000 FLAT	Length= 00000000 External STDCALL
IsDigit  . . . . . . . . . . . .	P Near	 00000000 FLAT	Length= 00000000 External STDCALL
LocalFree  . . . . . . . . . . .	P Near	 00000000 FLAT	Length= 00000000 External STDCALL
MessageBoxA  . . . . . . . . . .	P Near	 00000000 FLAT	Length= 00000000 External STDCALL
MsgBoxAsk  . . . . . . . . . . .	P Near	 00000000 FLAT	Length= 00000000 External STDCALL
MsgBox . . . . . . . . . . . . .	P Near	 00000000 FLAT	Length= 00000000 External STDCALL
OpenInputFile  . . . . . . . . .	P Near	 00000000 FLAT	Length= 00000000 External STDCALL
ParseDecimal32 . . . . . . . . .	P Near	 00000000 FLAT	Length= 00000000 External STDCALL
ParseInteger32 . . . . . . . . .	P Near	 00000000 FLAT	Length= 00000000 External STDCALL
PeekConsoleInputA  . . . . . . .	P Near	 00000000 FLAT	Length= 00000000 External STDCALL
Random32 . . . . . . . . . . . .	P Near	 00000000 FLAT	Length= 00000000 External STDCALL
RandomRange  . . . . . . . . . .	P Near	 00000000 FLAT	Length= 00000000 External STDCALL
Randomize  . . . . . . . . . . .	P Near	 00000000 FLAT	Length= 00000000 External STDCALL
ReadChar . . . . . . . . . . . .	P Near	 00000000 FLAT	Length= 00000000 External STDCALL
ReadConsoleA . . . . . . . . . .	P Near	 00000000 FLAT	Length= 00000000 External STDCALL
ReadConsoleInputA  . . . . . . .	P Near	 00000000 FLAT	Length= 00000000 External STDCALL
ReadDec  . . . . . . . . . . . .	P Near	 00000000 FLAT	Length= 00000000 External STDCALL
ReadFile . . . . . . . . . . . .	P Near	 00000000 FLAT	Length= 00000000 External STDCALL
ReadFloat  . . . . . . . . . . .	P Near	 00000000 FLAT	Length= 00000000 External STDCALL
ReadFromFile . . . . . . . . . .	P Near	 00000000 FLAT	Length= 00000000 External STDCALL
ReadHex  . . . . . . . . . . . .	P Near	 00000000 FLAT	Length= 00000000 External STDCALL
ReadInt  . . . . . . . . . . . .	P Near	 00000000 FLAT	Length= 00000000 External STDCALL
ReadKeyFlush . . . . . . . . . .	P Near	 00000000 FLAT	Length= 00000000 External STDCALL
ReadKey  . . . . . . . . . . . .	P Near	 00000000 FLAT	Length= 00000000 External STDCALL
ReadString . . . . . . . . . . .	P Near	 00000000 FLAT	Length= 00000000 External STDCALL
SetConsoleCursorInfo . . . . . .	P Near	 00000000 FLAT	Length= 00000000 External STDCALL
SetConsoleCursorPosition . . . .	P Near	 00000000 FLAT	Length= 00000000 External STDCALL
SetConsoleMode . . . . . . . . .	P Near	 00000000 FLAT	Length= 00000000 External STDCALL
SetConsoleScreenBufferSize . . .	P Near	 00000000 FLAT	Length= 00000000 External STDCALL
SetConsoleTextAttribute  . . . .	P Near	 00000000 FLAT	Length= 00000000 External STDCALL
SetConsoleTitleA . . . . . . . .	P Near	 00000000 FLAT	Length= 00000000 External STDCALL
SetConsoleWindowInfo . . . . . .	P Near	 00000000 FLAT	Length= 00000000 External STDCALL
SetFilePointer . . . . . . . . .	P Near	 00000000 FLAT	Length= 00000000 External STDCALL
SetLocalTime . . . . . . . . . .	P Near	 00000000 FLAT	Length= 00000000 External STDCALL
SetTextColor . . . . . . . . . .	P Near	 00000000 FLAT	Length= 00000000 External STDCALL
ShowFPUStack . . . . . . . . . .	P Near	 00000000 FLAT	Length= 00000000 External STDCALL
Sleep  . . . . . . . . . . . . .	P Near	 00000000 FLAT	Length= 00000000 External STDCALL
StrLength  . . . . . . . . . . .	P Near	 00000000 FLAT	Length= 00000000 External STDCALL
Str_compare  . . . . . . . . . .	P Near	 00000000 FLAT	Length= 00000000 External STDCALL
Str_copy . . . . . . . . . . . .	P Near	 00000000 FLAT	Length= 00000000 External STDCALL
Str_length . . . . . . . . . . .	P Near	 00000000 FLAT	Length= 00000000 External STDCALL
Str_trim . . . . . . . . . . . .	P Near	 00000000 FLAT	Length= 00000000 External STDCALL
Str_ucase  . . . . . . . . . . .	P Near	 00000000 FLAT	Length= 00000000 External STDCALL
SystemTimeToFileTime . . . . . .	P Near	 00000000 FLAT	Length= 00000000 External STDCALL
WaitMsg  . . . . . . . . . . . .	P Near	 00000000 FLAT	Length= 00000000 External STDCALL
WriteBinB  . . . . . . . . . . .	P Near	 00000000 FLAT	Length= 00000000 External STDCALL
WriteBin . . . . . . . . . . . .	P Near	 00000000 FLAT	Length= 00000000 External STDCALL
WriteChar  . . . . . . . . . . .	P Near	 00000000 FLAT	Length= 00000000 External STDCALL
WriteConsoleA  . . . . . . . . .	P Near	 00000000 FLAT	Length= 00000000 External STDCALL
WriteConsoleOutputAttribute  . .	P Near	 00000000 FLAT	Length= 00000000 External STDCALL
WriteConsoleOutputCharacterA . .	P Near	 00000000 FLAT	Length= 00000000 External STDCALL
WriteDec . . . . . . . . . . . .	P Near	 00000000 FLAT	Length= 00000000 External STDCALL
WriteFile  . . . . . . . . . . .	P Near	 00000000 FLAT	Length= 00000000 External STDCALL
WriteFloat . . . . . . . . . . .	P Near	 00000000 FLAT	Length= 00000000 External STDCALL
WriteHexB  . . . . . . . . . . .	P Near	 00000000 FLAT	Length= 00000000 External STDCALL
WriteHex . . . . . . . . . . . .	P Near	 00000000 FLAT	Length= 00000000 External STDCALL
WriteInt . . . . . . . . . . . .	P Near	 00000000 FLAT	Length= 00000000 External STDCALL
WriteStackFrameName  . . . . . .	P Near	 00000000 FLAT	Length= 00000000 External STDCALL
WriteStackFrame  . . . . . . . .	P Near	 00000000 FLAT	Length= 00000000 External STDCALL
WriteString  . . . . . . . . . .	P Near	 00000000 FLAT	Length= 00000000 External STDCALL
WriteToFile  . . . . . . . . . .	P Near	 00000000 FLAT	Length= 00000000 External STDCALL
WriteWindowsMsg  . . . . . . . .	P Near	 00000000 FLAT	Length= 00000000 External STDCALL
main . . . . . . . . . . . . . .	P Near	 00000000 _TEXT	Length= 0000013F Public STDCALL
  back . . . . . . . . . . . . .	L Near	 0000005F _TEXT	
  L1 . . . . . . . . . . . . . .	L Near	 0000007E _TEXT	
  _placeholder . . . . . . . . .	L Near	 0000009B _TEXT	
  iL1  . . . . . . . . . . . . .	L Near	 000000B7 _TEXT	
  _newLine . . . . . . . . . . .	L Near	 000000C6 _TEXT	
  _spaces  . . . . . . . . . . .	L Near	 000000CD _TEXT	
  _incorrect . . . . . . . . . .	L Near	 000000D9 _TEXT	
  _end . . . . . . . . . . . . .	L Near	 00000115 _TEXT	
printf . . . . . . . . . . . . .	P Near	 00000000 FLAT	Length= 00000000 External C
scanf  . . . . . . . . . . . . .	P Near	 00000000 FLAT	Length= 00000000 External C
wsprintfA  . . . . . . . . . . .	P Near	 00000000 FLAT	Length= 00000000 External C


Symbols:

                N a m e                 Type     Value    Attr

@CodeSize  . . . . . . . . . . .	Number	 00000000h   
@DataSize  . . . . . . . . . . .	Number	 00000000h   
@Interface . . . . . . . . . . .	Number	 00000003h   
@Model . . . . . . . . . . . . .	Number	 00000007h   
@code  . . . . . . . . . . . . .	Text   	 _TEXT
@data  . . . . . . . . . . . . .	Text   	 FLAT
@fardata?  . . . . . . . . . . .	Text   	 FLAT
@fardata . . . . . . . . . . . .	Text   	 FLAT
@stack . . . . . . . . . . . . .	Text   	 FLAT
ALT_MASK . . . . . . . . . . . .	Number	 00000003h   
CAPSLOCK_ON  . . . . . . . . . .	Number	 00000080h   
CREATE_ALWAYS  . . . . . . . . .	Number	 00000002h   
CREATE_NEW . . . . . . . . . . .	Number	 00000001h   
CTRL_MASK  . . . . . . . . . . .	Number	 0000000Ch   
CreateFile . . . . . . . . . . .	Text   	 CreateFileA
DO_NOT_SHARE . . . . . . . . . .	Number	 00000000h   
ENABLE_ECHO_INPUT  . . . . . . .	Number	 00000004h   
ENABLE_LINE_INPUT  . . . . . . .	Number	 00000002h   
ENABLE_MOUSE_INPUT . . . . . . .	Number	 00000010h   
ENABLE_PROCESSED_INPUT . . . . .	Number	 00000001h   
ENABLE_PROCESSED_OUTPUT  . . . .	Number	 00000001h   
ENABLE_WINDOW_INPUT  . . . . . .	Number	 00000008h   
ENABLE_WRAP_AT_EOL_OUTPUT  . . .	Number	 00000002h   
ENHANCED_KEY . . . . . . . . . .	Number	 00000100h   
FALSE  . . . . . . . . . . . . .	Number	 00000000h   
FILE_APPEND_DATA . . . . . . . .	Number	 00000004h   
FILE_ATTRIBUTE_ARCHIVE . . . . .	Number	 00000020h   
FILE_ATTRIBUTE_COMPRESSED  . . .	Number	 00000800h   
FILE_ATTRIBUTE_DEVICE  . . . . .	Number	 00000040h   
FILE_ATTRIBUTE_DIRECTORY . . . .	Number	 00000010h   
FILE_ATTRIBUTE_ENCRYPTED . . . .	Number	 00004000h   
FILE_ATTRIBUTE_HIDDEN  . . . . .	Number	 00000002h   
FILE_ATTRIBUTE_NORMAL  . . . . .	Number	 00000080h   
FILE_ATTRIBUTE_NOT_CONTENT_INDEXED .	Number	 00002000h   
FILE_ATTRIBUTE_OFFLINE . . . . .	Number	 00001000h   
FILE_ATTRIBUTE_READONLY  . . . .	Number	 00000001h   
FILE_ATTRIBUTE_REPARSE_POINT . .	Number	 00000400h   
FILE_ATTRIBUTE_SPARSE_FILE . . .	Number	 00000200h   
FILE_ATTRIBUTE_SYSTEM  . . . . .	Number	 00000004h   
FILE_ATTRIBUTE_TEMPORARY . . . .	Number	 00000100h   
FILE_BEGIN . . . . . . . . . . .	Number	 00000000h   
FILE_CURRENT . . . . . . . . . .	Number	 00000001h   
FILE_DELETE_CHILD  . . . . . . .	Number	 00000040h   
FILE_END . . . . . . . . . . . .	Number	 00000002h   
FILE_READ_DATA . . . . . . . . .	Number	 00000001h   
FILE_SHARE_DELETE  . . . . . . .	Number	 00000004h   
FILE_SHARE_READ  . . . . . . . .	Number	 00000001h   
FILE_SHARE_WRITE . . . . . . . .	Number	 00000002h   
FILE_WRITE_DATA  . . . . . . . .	Number	 00000002h   
FOCUS_EVENT  . . . . . . . . . .	Number	 00000010h   
FORMAT_MESSAGE_ALLOCATE_BUFFER .	Number	 00000100h   
FORMAT_MESSAGE_FROM_SYSTEM . . .	Number	 00001000h   
Final_message  . . . . . . . . .	Byte	 00000126 _DATA	
FormatMessage  . . . . . . . . .	Text   	 FormatMessageA
GENERIC_ALL  . . . . . . . . . .	Number	 10000000h   
GENERIC_EXECUTE  . . . . . . . .	Number	 20000000h   
GENERIC_READ . . . . . . . . . .	Number	 -80000000h   
GENERIC_WRITE  . . . . . . . . .	Number	 40000000h   
GetCommandLine . . . . . . . . .	Text   	 GetCommandLineA
HANDLE . . . . . . . . . . . . .	Text   	 DWORD
HEAP_GENERATE_EXCEPTIONS . . . .	Number	 00000004h   
HEAP_GROWABLE  . . . . . . . . .	Number	 00000002h   
HEAP_NO_SERIALIZE  . . . . . . .	Number	 00000001h   
HEAP_REALLOC_IN_PLACE_ONLY . . .	Number	 00000010h   
HEAP_ZERO_MEMORY . . . . . . . .	Number	 00000008h   
IDABORT  . . . . . . . . . . . .	Number	 00000003h   
IDCANCEL . . . . . . . . . . . .	Number	 00000002h   
IDCLOSE  . . . . . . . . . . . .	Number	 00000008h   
IDCONTINUE . . . . . . . . . . .	Number	 0000000Bh   
IDHELP . . . . . . . . . . . . .	Number	 00000009h   
IDIGNORE . . . . . . . . . . . .	Number	 00000005h   
IDNO . . . . . . . . . . . . . .	Number	 00000007h   
IDOK . . . . . . . . . . . . . .	Number	 00000001h   
IDRETRY  . . . . . . . . . . . .	Number	 00000004h   
IDTIMEOUT  . . . . . . . . . . .	Number	 00007D00h   
IDTRYAGAIN . . . . . . . . . . .	Number	 0000000Ah   
IDYES  . . . . . . . . . . . . .	Number	 00000006h   
INVALID_HANDLE_VALUE . . . . . .	Number	 -00000001h   
KBDOWN_FLAG  . . . . . . . . . .	Number	 00000001h   
KEY_EVENT  . . . . . . . . . . .	Number	 00000001h   
KEY_MASKS  . . . . . . . . . . .	Number	 0000001Fh   
LEFT_ALT_PRESSED . . . . . . . .	Number	 00000002h   
LEFT_CTRL_PRESSED  . . . . . . .	Number	 00000008h   
MB_ABORTRETRYIGNORE  . . . . . .	Number	 00000002h   
MB_APPLMODAL . . . . . . . . . .	Number	 00000000h   
MB_CANCELTRYCONTINUE . . . . . .	Number	 00000006h   
MB_DEFBUTTON1  . . . . . . . . .	Number	 00000000h   
MB_DEFBUTTON2  . . . . . . . . .	Number	 00000100h   
MB_DEFBUTTON3  . . . . . . . . .	Number	 00000200h   
MB_DEFBUTTON4  . . . . . . . . .	Number	 00000300h   
MB_HELP  . . . . . . . . . . . .	Number	 00004000h   
MB_ICONASTERISK  . . . . . . . .	Number	 00000040h   
MB_ICONERROR . . . . . . . . . .	Number	 00000010h   
MB_ICONEXCLAMATION . . . . . . .	Number	 00000030h   
MB_ICONHAND  . . . . . . . . . .	Number	 00000010h   
MB_ICONINFORMATION . . . . . . .	Number	 00000040h   
MB_ICONQUESTION  . . . . . . . .	Number	 00000020h   
MB_ICONSTOP  . . . . . . . . . .	Number	 00000010h   
MB_ICONWARNING . . . . . . . . .	Number	 00000030h   
MB_OKCANCEL  . . . . . . . . . .	Number	 00000001h   
MB_OK  . . . . . . . . . . . . .	Number	 00000000h   
MB_RETRYCANCEL . . . . . . . . .	Number	 00000005h   
MB_SYSTEMMODAL . . . . . . . . .	Number	 00001000h   
MB_TASKMODAL . . . . . . . . . .	Number	 00002000h   
MB_USERICON  . . . . . . . . . .	Number	 00000080h   
MB_YESNOCANCEL . . . . . . . . .	Number	 00000003h   
MB_YESNO . . . . . . . . . . . .	Number	 00000004h   
MENU_EVENT . . . . . . . . . . .	Number	 00000008h   
MOUSE_EVENT  . . . . . . . . . .	Number	 00000002h   
MessageBox . . . . . . . . . . .	Text   	 MessageBoxA
NULL . . . . . . . . . . . . . .	Number	 00000000h   
NUMLOCK_ON . . . . . . . . . . .	Number	 00000020h   
OPEN_ALWAYS  . . . . . . . . . .	Number	 00000004h   
OPEN_EXISTING  . . . . . . . . .	Number	 00000003h   
PeekConsoleInput . . . . . . . .	Text   	 PeekConsoleInputA
RIGHT_ALT_PRESSED  . . . . . . .	Number	 00000001h   
RIGHT_CTRL_PRESSED . . . . . . .	Number	 00000004h   
ReadConsoleInput . . . . . . . .	Text   	 ReadConsoleInputA
ReadConsole  . . . . . . . . . .	Text   	 ReadConsoleA
SCROLLLOCK_ON  . . . . . . . . .	Number	 00000040h   
SHIFT_MASK . . . . . . . . . . .	Number	 00000010h   
SHIFT_PRESSED  . . . . . . . . .	Number	 00000010h   
STD_ERROR_HANDLE . . . . . . . .	Number	 -0000000Ch   
STD_INPUT_HANDLE . . . . . . . .	Number	 -0000000Ah   
STD_OUTPUT_HANDLE  . . . . . . .	Number	 -0000000Bh   
SetConsoleTitle  . . . . . . . .	Text   	 SetConsoleTitleA
TAB  . . . . . . . . . . . . . .	Number	 00000009h   
TRUE . . . . . . . . . . . . . .	Number	 00000001h   
TRUNCATE_EXISTING  . . . . . . .	Number	 00000005h   
VK_11  . . . . . . . . . . . . .	Number	 000000BDh   
VK_12  . . . . . . . . . . . . .	Number	 000000BBh   
VK_ADD . . . . . . . . . . . . .	Number	 0000006Bh   
VK_BACK  . . . . . . . . . . . .	Number	 00000008h   
VK_CANCEL  . . . . . . . . . . .	Number	 00000003h   
VK_CAPITAL . . . . . . . . . . .	Number	 00000014h   
VK_CLEAR . . . . . . . . . . . .	Number	 0000000Ch   
VK_CONTROL . . . . . . . . . . .	Number	 00000011h   
VK_DECIMAL . . . . . . . . . . .	Number	 0000006Eh   
VK_DELETE  . . . . . . . . . . .	Number	 0000002Eh   
VK_DIVIDE  . . . . . . . . . . .	Number	 0000006Fh   
VK_DOWN  . . . . . . . . . . . .	Number	 00000028h   
VK_END . . . . . . . . . . . . .	Number	 00000023h   
VK_ESCAPE  . . . . . . . . . . .	Number	 0000001Bh   
VK_EXECUTE . . . . . . . . . . .	Number	 0000002Bh   
VK_F10 . . . . . . . . . . . . .	Number	 00000079h   
VK_F11 . . . . . . . . . . . . .	Number	 0000007Ah   
VK_F12 . . . . . . . . . . . . .	Number	 0000007Bh   
VK_F13 . . . . . . . . . . . . .	Number	 0000007Ch   
VK_F14 . . . . . . . . . . . . .	Number	 0000007Dh   
VK_F15 . . . . . . . . . . . . .	Number	 0000007Eh   
VK_F16 . . . . . . . . . . . . .	Number	 0000007Fh   
VK_F17 . . . . . . . . . . . . .	Number	 00000080h   
VK_F18 . . . . . . . . . . . . .	Number	 00000081h   
VK_F19 . . . . . . . . . . . . .	Number	 00000082h   
VK_F1  . . . . . . . . . . . . .	Number	 00000070h   
VK_F20 . . . . . . . . . . . . .	Number	 00000083h   
VK_F21 . . . . . . . . . . . . .	Number	 00000084h   
VK_F22 . . . . . . . . . . . . .	Number	 00000085h   
VK_F23 . . . . . . . . . . . . .	Number	 00000086h   
VK_F24 . . . . . . . . . . . . .	Number	 00000087h   
VK_F2  . . . . . . . . . . . . .	Number	 00000071h   
VK_F3  . . . . . . . . . . . . .	Number	 00000072h   
VK_F4  . . . . . . . . . . . . .	Number	 00000073h   
VK_F5  . . . . . . . . . . . . .	Number	 00000074h   
VK_F6  . . . . . . . . . . . . .	Number	 00000075h   
VK_F7  . . . . . . . . . . . . .	Number	 00000076h   
VK_F8  . . . . . . . . . . . . .	Number	 00000077h   
VK_F9  . . . . . . . . . . . . .	Number	 00000078h   
VK_HELP  . . . . . . . . . . . .	Number	 0000002Fh   
VK_HOME  . . . . . . . . . . . .	Number	 00000024h   
VK_INSERT  . . . . . . . . . . .	Number	 0000002Dh   
VK_LBUTTON . . . . . . . . . . .	Number	 00000001h   
VK_LCONTROL  . . . . . . . . . .	Number	 000000A2h   
VK_LEFT  . . . . . . . . . . . .	Number	 00000025h   
VK_LMENU . . . . . . . . . . . .	Number	 000000A4h   
VK_LSHIFT  . . . . . . . . . . .	Number	 000000A0h   
VK_MENU  . . . . . . . . . . . .	Number	 00000012h   
VK_MULTIPLY  . . . . . . . . . .	Number	 0000006Ah   
VK_NEXT  . . . . . . . . . . . .	Number	 00000022h   
VK_NUMLOCK . . . . . . . . . . .	Number	 00000090h   
VK_NUMPAD0 . . . . . . . . . . .	Number	 00000060h   
VK_NUMPAD1 . . . . . . . . . . .	Number	 00000061h   
VK_NUMPAD2 . . . . . . . . . . .	Number	 00000062h   
VK_NUMPAD3 . . . . . . . . . . .	Number	 00000063h   
VK_NUMPAD4 . . . . . . . . . . .	Number	 00000064h   
VK_NUMPAD5 . . . . . . . . . . .	Number	 00000065h   
VK_NUMPAD6 . . . . . . . . . . .	Number	 00000066h   
VK_NUMPAD7 . . . . . . . . . . .	Number	 00000067h   
VK_NUMPAD8 . . . . . . . . . . .	Number	 00000068h   
VK_NUMPAD9 . . . . . . . . . . .	Number	 00000069h   
VK_PAUSE . . . . . . . . . . . .	Number	 00000013h   
VK_PRINT . . . . . . . . . . . .	Number	 0000002Ah   
VK_PRIOR . . . . . . . . . . . .	Number	 00000021h   
VK_RBUTTON . . . . . . . . . . .	Number	 00000002h   
VK_RCONTROL  . . . . . . . . . .	Number	 000000A3h   
VK_RETURN  . . . . . . . . . . .	Number	 0000000Dh   
VK_RIGHT . . . . . . . . . . . .	Number	 00000027h   
VK_RMENU . . . . . . . . . . . .	Number	 000000A5h   
VK_RSHIFT  . . . . . . . . . . .	Number	 000000A1h   
VK_SCROLL  . . . . . . . . . . .	Number	 00000091h   
VK_SEPARATER . . . . . . . . . .	Number	 0000006Ch   
VK_SHIFT . . . . . . . . . . . .	Number	 00000010h   
VK_SNAPSHOT  . . . . . . . . . .	Number	 0000002Ch   
VK_SPACE . . . . . . . . . . . .	Number	 00000020h   
VK_SUBTRACT  . . . . . . . . . .	Number	 0000006Dh   
VK_TAB . . . . . . . . . . . . .	Number	 00000009h   
VK_UP  . . . . . . . . . . . . .	Number	 00000026h   
WINDOW_BUFFER_SIZE_EVENT . . . .	Number	 00000004h   
WriteConsoleOutputCharacter  . .	Text   	 WriteConsoleOutputCharacterA
WriteConsole . . . . . . . . . .	Text   	 WriteConsoleA
black  . . . . . . . . . . . . .	Number	 00000000h   
blue . . . . . . . . . . . . . .	Number	 00000001h   
brown  . . . . . . . . . . . . .	Number	 00000006h   
bye  . . . . . . . . . . . . . .	Byte	 00000162 _DATA	
counter  . . . . . . . . . . . .	DWord	 00000158 _DATA	
current  . . . . . . . . . . . .	DWord	 00000150 _DATA	
cyan . . . . . . . . . . . . . .	Number	 00000003h   
error  . . . . . . . . . . . . .	Byte	 000000FB _DATA	
exit . . . . . . . . . . . . . .	Text   	 INVOKE ExitProcess,0
gray . . . . . . . . . . . . . .	Number	 00000008h   
green  . . . . . . . . . . . . .	Number	 00000002h   
input  . . . . . . . . . . . . .	DWord	 00000154 _DATA	
lightBlue  . . . . . . . . . . .	Number	 00000009h   
lightCyan  . . . . . . . . . . .	Number	 0000000Bh   
lightGray  . . . . . . . . . . .	Number	 00000007h   
lightGreen . . . . . . . . . . .	Number	 0000000Ah   
lightMagenta . . . . . . . . . .	Number	 0000000Dh   
lightRed . . . . . . . . . . . .	Number	 0000000Ch   
magenta  . . . . . . . . . . . .	Number	 00000005h   
my_name  . . . . . . . . . . . .	Byte	 0000002A _DATA	
previous . . . . . . . . . . . .	DWord	 0000014C _DATA	
program_name . . . . . . . . . .	Byte	 00000000 _DATA	
question . . . . . . . . . . . .	Byte	 0000004B _DATA	
red  . . . . . . . . . . . . . .	Number	 00000004h   
sentence1  . . . . . . . . . . .	Byte	 00000072 _DATA	
sentence2  . . . . . . . . . . .	Byte	 000000A7 _DATA	
sentence3  . . . . . . . . . . .	Byte	 000000DE _DATA	
spaces . . . . . . . . . . . . .	Byte	 0000015C _DATA	
user_name  . . . . . . . . . . .	Byte	 0000005D _DATA	
white  . . . . . . . . . . . . .	Number	 0000000Fh   
wsprintf . . . . . . . . . . . .	Text   	 wsprintfA
yellow . . . . . . . . . . . . .	Number	 0000000Eh   

	   0 Warnings
	   0 Errors
